<?xml version="1.0" encoding="UTF-8"?>
<testng-results ignored="0" total="3" passed="3" failed="0" skipped="0">
  <reporter-output>
  </reporter-output>
  <suite started-at="2025-06-30T21:34:50 IST" name="Suite" finished-at="2025-06-30T21:35:27 IST" duration-ms="37398">
    <groups>
    </groups>
    <test started-at="2025-06-30T21:34:50 IST" name="ChromeTest" finished-at="2025-06-30T21:35:07 IST" duration-ms="17572">
      <class name="Assignment_2.TestCase">
        <test-method is-config="true" signature="setup(java.lang.String)[pri:0, instance:Assignment_2.TestCase@6b2ea799]" started-at="2025-06-30T21:34:50 IST" name="setup" finished-at="2025-06-30T21:35:02 IST" duration-ms="12025" status="PASS">
          <params>
            <param index="0">
              <value>
                <![CDATA[firefox]]>
              </value>
            </param>
          </params>
          <reporter-output>
          </reporter-output>
        </test-method> <!-- setup -->
        <test-method signature="AmazonTest()[pri:0, instance:Assignment_2.TestCase@6b2ea799]" started-at="2025-06-30T21:35:02 IST" name="AmazonTest" finished-at="2025-06-30T21:35:05 IST" duration-ms="3811" status="PASS">
          <reporter-output>
          </reporter-output>
        </test-method> <!-- AmazonTest -->
        <test-method is-config="true" signature="close()[pri:0, instance:Assignment_2.TestCase@6b2ea799]" started-at="2025-06-30T21:35:05 IST" name="close" finished-at="2025-06-30T21:35:07 IST" duration-ms="1648" status="PASS">
          <reporter-output>
          </reporter-output>
        </test-method> <!-- close -->
      </class> <!-- Assignment_2.TestCase -->
    </test> <!-- ChromeTest -->
    <test started-at="2025-06-30T21:35:07 IST" name="FirefoxTest" finished-at="2025-06-30T21:35:18 IST" duration-ms="10741">
      <class name="Assignment_2.TestCase">
        <test-method is-config="true" signature="setup(java.lang.String)[pri:0, instance:Assignment_2.TestCase@6f03482]" started-at="2025-06-30T21:35:07 IST" name="setup" finished-at="2025-06-30T21:35:15 IST" duration-ms="8202" status="PASS">
          <params>
            <param index="0">
              <value>
                <![CDATA[chrome]]>
              </value>
            </param>
          </params>
          <reporter-output>
          </reporter-output>
        </test-method> <!-- setup -->
        <test-method signature="AmazonTest()[pri:0, instance:Assignment_2.TestCase@6f03482]" started-at="2025-06-30T21:35:15 IST" name="AmazonTest" finished-at="2025-06-30T21:35:18 IST" duration-ms="2092" status="PASS">
          <reporter-output>
          </reporter-output>
        </test-method> <!-- AmazonTest -->
        <test-method is-config="true" signature="close()[pri:0, instance:Assignment_2.TestCase@6f03482]" started-at="2025-06-30T21:35:18 IST" name="close" finished-at="2025-06-30T21:35:18 IST" duration-ms="425" status="PASS">
          <reporter-output>
          </reporter-output>
        </test-method> <!-- close -->
      </class> <!-- Assignment_2.TestCase -->
    </test> <!-- FirefoxTest -->
    <test started-at="2025-06-30T21:35:18 IST" name="EdgeTest" finished-at="2025-06-30T21:35:27 IST" duration-ms="8940">
      <class name="Assignment_2.TestCase">
        <test-method is-config="true" signature="setup(java.lang.String)[pri:0, instance:Assignment_2.TestCase@179ece50]" started-at="2025-06-30T21:35:18 IST" name="setup" finished-at="2025-06-30T21:35:24 IST" duration-ms="6244" status="PASS">
          <params>
            <param index="0">
              <value>
                <![CDATA[edge]]>
              </value>
            </param>
          </params>
          <reporter-output>
          </reporter-output>
        </test-method> <!-- setup -->
        <test-method signature="AmazonTest()[pri:0, instance:Assignment_2.TestCase@179ece50]" started-at="2025-06-30T21:35:24 IST" name="AmazonTest" finished-at="2025-06-30T21:35:27 IST" duration-ms="2481" status="PASS">
          <reporter-output>
          </reporter-output>
        </test-method> <!-- AmazonTest -->
        <test-method is-config="true" signature="close()[pri:0, instance:Assignment_2.TestCase@179ece50]" started-at="2025-06-30T21:35:27 IST" name="close" finished-at="2025-06-30T21:35:27 IST" duration-ms="201" status="PASS">
          <reporter-output>
          </reporter-output>
        </test-method> <!-- close -->
      </class> <!-- Assignment_2.TestCase -->
    </test> <!-- EdgeTest -->
  </suite> <!-- Suite -->
</testng-results>
